<?xml version="1.0" encoding="UTF-8"?>
<testng-results ignored="0" total="1" passed="1" failed="0" skipped="0">
  <reporter-output>
  </reporter-output>
  <suite started-at="2022-06-09T07:59:43 IST" name="Default suite" finished-at="2022-06-09T07:59:59 IST" duration-ms="15067">
    <groups>
      <group name="cucumber">
        <method signature="AbstractTestNGCucumberTests.runScenario(io.cucumber.testng.PickleWrapper,io.cucumber.testng.FeatureWrapper)[pri:0, instance:cucumberOptions.TestNGTestRunner@298a5e20]" name="runScenario" class="io.cucumber.testng.AbstractTestNGCucumberTests"/>
      </group> <!-- cucumber -->
    </groups>
    <test started-at="2022-06-09T07:59:43 IST" name="Default test" finished-at="2022-06-09T07:59:59 IST" duration-ms="15067">
      <class name="cucumberOptions.TestNGTestRunner">
        <test-method is-config="true" signature="setUpClass(org.testng.ITestContext)[pri:0, instance:cucumberOptions.TestNGTestRunner@298a5e20]" started-at="2022-06-09T07:59:44 IST" name="setUpClass" finished-at="2022-06-09T07:59:44 IST" duration-ms="277" status="PASS">
          <params>
            <param index="0">
              <value>
                <![CDATA[org.testng.TestRunner@7da34b26]]>
              </value>
            </param>
          </params>
          <reporter-output>
          </reporter-output>
        </test-method> <!-- setUpClass -->
        <test-method signature="runScenario(io.cucumber.testng.PickleWrapper,io.cucumber.testng.FeatureWrapper)[pri:0, instance:cucumberOptions.TestNGTestRunner@298a5e20]" started-at="2022-06-09T07:59:44 IST" name="runScenario" description="Runs Cucumber Scenarios" data-provider="scenarios" finished-at="2022-06-09T07:59:59 IST" duration-ms="14728" status="PASS">
          <params>
            <param index="0">
              <value>
                <![CDATA["Search Experience for product search in both home and Offers Page"]]>
              </value>
            </param>
            <param index="1">
              <value>
                <![CDATA["Search and Place the order for Products"]]>
              </value>
            </param>
          </params>
          <reporter-output>
          </reporter-output>
        </test-method> <!-- runScenario -->
        <test-method is-config="true" signature="tearDownClass()[pri:0, instance:cucumberOptions.TestNGTestRunner@298a5e20]" started-at="2022-06-09T07:59:59 IST" name="tearDownClass" finished-at="2022-06-09T07:59:59 IST" duration-ms="16" status="PASS">
          <reporter-output>
          </reporter-output>
        </test-method> <!-- tearDownClass -->
      </class> <!-- cucumberOptions.TestNGTestRunner -->
    </test> <!-- Default test -->
  </suite> <!-- Default suite -->
</testng-results>
